<?xml version="1.0" encoding="UTF-8"?>
<!-- Generated by org.testng.reporters.JUnitXMLReporter -->
<testsuite ignored="0" hostname="Priya_Oryggi" failures="0" tests="5" name="Default test" time="53.437" errors="0" timestamp="2025-02-28T01:01:48 IST">
  <testcase classname="com.oryggi.tests.LoginTest" name="testEmptyFieldsValidation" time="0.358"/>
  <testcase classname="com.oryggi.tests.LoginTest" name="testLoginWithEmail" time="6.056"/>
  <testcase classname="com.oryggi.tests.LoginTest" name="testLoginWithInvalidCredentials" time="2.432"/>
  <testcase classname="com.oryggi.tests.LoginTest" name="testLoginWithUsername" time="8.326"/>
  <testcase classname="com.oryggi.tests.LoginTest" name="verifyLoginPageTitle" time="1.719"/>
</testsuite> <!-- Default test -->
