<?xml version="1.0" encoding="UTF-8"?>
<!-- Generated by org.testng.reporters.JUnitXMLReporter -->
<testsuite ignored="0" hostname="Priya_Oryggi" failures="0" tests="5" name="Default test" time="45.166" errors="0" timestamp="2025-02-26T02:07:30 IST">
  <testcase classname="com.oryggi.tests.LoginTest" name="testEmptyFieldsValidation" time="5.836"/>
  <testcase classname="com.oryggi.tests.LoginTest" name="testLoginWithEmail" time="2.593"/>
  <testcase classname="com.oryggi.tests.LoginTest" name="testLoginWithInvalidCredentials" time="2.5"/>
  <testcase classname="com.oryggi.tests.LoginTest" name="testLoginWithUsername" time="4.084"/>
  <testcase classname="com.oryggi.tests.LoginTest" name="verifyLoginPageTitle" time="0.556"/>
</testsuite> <!-- Default test -->
