<?xml version="1.0" encoding="UTF-8"?>
<testng-results ignored="0" total="5" passed="5" failed="0" skipped="0">
  <reporter-output>
  </reporter-output>
  <suite started-at="2025-02-26T02:06:45 IST" name="Default suite" finished-at="2025-02-26T02:07:30 IST" duration-ms="45166">
    <groups>
    </groups>
    <test started-at="2025-02-26T02:06:45 IST" name="Default test" finished-at="2025-02-26T02:07:30 IST" duration-ms="45166">
      <class name="com.oryggi.tests.LoginTest">
        <test-method is-config="true" signature="setup()[pri:0, instance:com.oryggi.tests.LoginTest@4d9e68d0]" started-at="2025-02-26T02:06:45 IST" name="setup" finished-at="2025-02-26T02:06:55 IST" duration-ms="9992" status="PASS">
          <reporter-output>
          </reporter-output>
        </test-method> <!-- setup -->
        <test-method signature="testEmptyFieldsValidation()[pri:0, instance:com.oryggi.tests.LoginTest@4d9e68d0]" started-at="2025-02-26T02:06:55 IST" name="testEmptyFieldsValidation" finished-at="2025-02-26T02:07:01 IST" duration-ms="5836" status="PASS">
          <reporter-output>
          </reporter-output>
        </test-method> <!-- testEmptyFieldsValidation -->
        <test-method is-config="true" signature="setup()[pri:0, instance:com.oryggi.tests.LoginTest@4d9e68d0]" started-at="2025-02-26T02:07:01 IST" name="setup" finished-at="2025-02-26T02:07:06 IST" duration-ms="4414" status="PASS">
          <reporter-output>
          </reporter-output>
        </test-method> <!-- setup -->
        <test-method is-config="true" signature="tearDown()[pri:0, instance:com.oryggi.tests.LoginTest@4d9e68d0]" started-at="2025-02-26T02:07:01 IST" name="tearDown" finished-at="2025-02-26T02:07:01 IST" duration-ms="0" status="PASS">
          <reporter-output>
          </reporter-output>
        </test-method> <!-- tearDown -->
        <test-method signature="testLoginWithEmail()[pri:0, instance:com.oryggi.tests.LoginTest@4d9e68d0]" started-at="2025-02-26T02:07:06 IST" name="testLoginWithEmail" finished-at="2025-02-26T02:07:08 IST" duration-ms="2593" status="PASS">
          <reporter-output>
          </reporter-output>
        </test-method> <!-- testLoginWithEmail -->
        <test-method is-config="true" signature="tearDown()[pri:0, instance:com.oryggi.tests.LoginTest@4d9e68d0]" started-at="2025-02-26T02:07:08 IST" name="tearDown" finished-at="2025-02-26T02:07:08 IST" duration-ms="0" status="PASS">
          <reporter-output>
          </reporter-output>
        </test-method> <!-- tearDown -->
        <test-method is-config="true" signature="setup()[pri:0, instance:com.oryggi.tests.LoginTest@4d9e68d0]" started-at="2025-02-26T02:07:08 IST" name="setup" finished-at="2025-02-26T02:07:13 IST" duration-ms="4742" status="PASS">
          <reporter-output>
          </reporter-output>
        </test-method> <!-- setup -->
        <test-method signature="testLoginWithInvalidCredentials()[pri:0, instance:com.oryggi.tests.LoginTest@4d9e68d0]" started-at="2025-02-26T02:07:13 IST" name="testLoginWithInvalidCredentials" finished-at="2025-02-26T02:07:15 IST" duration-ms="2500" status="PASS">
          <reporter-output>
          </reporter-output>
        </test-method> <!-- testLoginWithInvalidCredentials -->
        <test-method is-config="true" signature="tearDown()[pri:0, instance:com.oryggi.tests.LoginTest@4d9e68d0]" started-at="2025-02-26T02:07:15 IST" name="tearDown" finished-at="2025-02-26T02:07:15 IST" duration-ms="0" status="PASS">
          <reporter-output>
          </reporter-output>
        </test-method> <!-- tearDown -->
        <test-method is-config="true" signature="setup()[pri:0, instance:com.oryggi.tests.LoginTest@4d9e68d0]" started-at="2025-02-26T02:07:15 IST" name="setup" finished-at="2025-02-26T02:07:20 IST" duration-ms="4905" status="PASS">
          <reporter-output>
          </reporter-output>
        </test-method> <!-- setup -->
        <test-method signature="testLoginWithUsername()[pri:0, instance:com.oryggi.tests.LoginTest@4d9e68d0]" started-at="2025-02-26T02:07:20 IST" name="testLoginWithUsername" finished-at="2025-02-26T02:07:24 IST" duration-ms="4084" status="PASS">
          <reporter-output>
          </reporter-output>
        </test-method> <!-- testLoginWithUsername -->
        <test-method is-config="true" signature="tearDown()[pri:0, instance:com.oryggi.tests.LoginTest@4d9e68d0]" started-at="2025-02-26T02:07:24 IST" name="tearDown" finished-at="2025-02-26T02:07:24 IST" duration-ms="1" status="PASS">
          <reporter-output>
          </reporter-output>
        </test-method> <!-- tearDown -->
        <test-method is-config="true" signature="setup()[pri:0, instance:com.oryggi.tests.LoginTest@4d9e68d0]" started-at="2025-02-26T02:07:24 IST" name="setup" finished-at="2025-02-26T02:07:30 IST" duration-ms="5473" status="PASS">
          <reporter-output>
          </reporter-output>
        </test-method> <!-- setup -->
        <test-method signature="verifyLoginPageTitle()[pri:0, instance:com.oryggi.tests.LoginTest@4d9e68d0]" started-at="2025-02-26T02:07:30 IST" name="verifyLoginPageTitle" finished-at="2025-02-26T02:07:30 IST" duration-ms="556" status="PASS">
          <reporter-output>
          </reporter-output>
        </test-method> <!-- verifyLoginPageTitle -->
        <test-method is-config="true" signature="tearDown()[pri:0, instance:com.oryggi.tests.LoginTest@4d9e68d0]" started-at="2025-02-26T02:07:30 IST" name="tearDown" finished-at="2025-02-26T02:07:30 IST" duration-ms="1" status="PASS">
          <reporter-output>
          </reporter-output>
        </test-method> <!-- tearDown -->
      </class> <!-- com.oryggi.tests.LoginTest -->
    </test> <!-- Default test -->
  </suite> <!-- Default suite -->
</testng-results>
