<?xml version="1.0" encoding="UTF-8"?>
<testng-results ignored="0" total="5" passed="5" failed="0" skipped="0">
  <reporter-output>
  </reporter-output>
  <suite started-at="2025-02-28T01:00:55 IST" name="Default suite" finished-at="2025-02-28T01:01:48 IST" duration-ms="53437">
    <groups>
    </groups>
    <test started-at="2025-02-28T01:00:55 IST" name="Default test" finished-at="2025-02-28T01:01:48 IST" duration-ms="53437">
      <class name="com.oryggi.tests.LoginTest">
        <test-method is-config="true" signature="setup()[pri:0, instance:com.oryggi.tests.LoginTest@6c80d78a]" started-at="2025-02-28T01:00:55 IST" name="setup" finished-at="2025-02-28T01:01:02 IST" duration-ms="7204" status="PASS">
          <reporter-output>
          </reporter-output>
        </test-method> <!-- setup -->
        <test-method signature="testEmptyFieldsValidation()[pri:0, instance:com.oryggi.tests.LoginTest@6c80d78a]" started-at="2025-02-28T01:01:02 IST" name="testEmptyFieldsValidation" finished-at="2025-02-28T01:01:02 IST" duration-ms="358" status="PASS">
          <reporter-output>
          </reporter-output>
        </test-method> <!-- testEmptyFieldsValidation -->
        <test-method is-config="true" signature="tearDown()[pri:0, instance:com.oryggi.tests.LoginTest@6c80d78a]" started-at="2025-02-28T01:01:02 IST" name="tearDown" finished-at="2025-02-28T01:01:02 IST" duration-ms="1" status="PASS">
          <reporter-output>
          </reporter-output>
        </test-method> <!-- tearDown -->
        <test-method is-config="true" signature="setup()[pri:0, instance:com.oryggi.tests.LoginTest@6c80d78a]" started-at="2025-02-28T01:01:02 IST" name="setup" finished-at="2025-02-28T01:01:08 IST" duration-ms="5808" status="PASS">
          <reporter-output>
          </reporter-output>
        </test-method> <!-- setup -->
        <test-method signature="testLoginWithEmail()[pri:0, instance:com.oryggi.tests.LoginTest@6c80d78a]" started-at="2025-02-28T01:01:08 IST" name="testLoginWithEmail" finished-at="2025-02-28T01:01:14 IST" duration-ms="6056" status="PASS">
          <reporter-output>
          </reporter-output>
        </test-method> <!-- testLoginWithEmail -->
        <test-method is-config="true" signature="tearDown()[pri:0, instance:com.oryggi.tests.LoginTest@6c80d78a]" started-at="2025-02-28T01:01:14 IST" name="tearDown" finished-at="2025-02-28T01:01:14 IST" duration-ms="1" status="PASS">
          <reporter-output>
          </reporter-output>
        </test-method> <!-- tearDown -->
        <test-method is-config="true" signature="setup()[pri:0, instance:com.oryggi.tests.LoginTest@6c80d78a]" started-at="2025-02-28T01:01:14 IST" name="setup" finished-at="2025-02-28T01:01:20 IST" duration-ms="6039" status="PASS">
          <reporter-output>
          </reporter-output>
        </test-method> <!-- setup -->
        <test-method signature="testLoginWithInvalidCredentials()[pri:0, instance:com.oryggi.tests.LoginTest@6c80d78a]" started-at="2025-02-28T01:01:20 IST" name="testLoginWithInvalidCredentials" finished-at="2025-02-28T01:01:23 IST" duration-ms="2432" status="PASS">
          <reporter-output>
          </reporter-output>
        </test-method> <!-- testLoginWithInvalidCredentials -->
        <test-method is-config="true" signature="tearDown()[pri:0, instance:com.oryggi.tests.LoginTest@6c80d78a]" started-at="2025-02-28T01:01:23 IST" name="tearDown" finished-at="2025-02-28T01:01:23 IST" duration-ms="1" status="PASS">
          <reporter-output>
          </reporter-output>
        </test-method> <!-- tearDown -->
        <test-method is-config="true" signature="setup()[pri:0, instance:com.oryggi.tests.LoginTest@6c80d78a]" started-at="2025-02-28T01:01:23 IST" name="setup" finished-at="2025-02-28T01:01:32 IST" duration-ms="9215" status="PASS">
          <reporter-output>
          </reporter-output>
        </test-method> <!-- setup -->
        <test-method signature="testLoginWithUsername()[pri:0, instance:com.oryggi.tests.LoginTest@6c80d78a]" started-at="2025-02-28T01:01:32 IST" name="testLoginWithUsername" finished-at="2025-02-28T01:01:40 IST" duration-ms="8326" status="PASS">
          <reporter-output>
          </reporter-output>
        </test-method> <!-- testLoginWithUsername -->
        <test-method is-config="true" signature="tearDown()[pri:0, instance:com.oryggi.tests.LoginTest@6c80d78a]" started-at="2025-02-28T01:01:40 IST" name="tearDown" finished-at="2025-02-28T01:01:40 IST" duration-ms="0" status="PASS">
          <reporter-output>
          </reporter-output>
        </test-method> <!-- tearDown -->
        <test-method is-config="true" signature="setup()[pri:0, instance:com.oryggi.tests.LoginTest@6c80d78a]" started-at="2025-02-28T01:01:40 IST" name="setup" finished-at="2025-02-28T01:01:46 IST" duration-ms="6187" status="PASS">
          <reporter-output>
          </reporter-output>
        </test-method> <!-- setup -->
        <test-method signature="verifyLoginPageTitle()[pri:0, instance:com.oryggi.tests.LoginTest@6c80d78a]" started-at="2025-02-28T01:01:46 IST" name="verifyLoginPageTitle" finished-at="2025-02-28T01:01:48 IST" duration-ms="1719" status="PASS">
          <reporter-output>
          </reporter-output>
        </test-method> <!-- verifyLoginPageTitle -->
        <test-method is-config="true" signature="tearDown()[pri:0, instance:com.oryggi.tests.LoginTest@6c80d78a]" started-at="2025-02-28T01:01:48 IST" name="tearDown" finished-at="2025-02-28T01:01:48 IST" duration-ms="2" status="PASS">
          <reporter-output>
          </reporter-output>
        </test-method> <!-- tearDown -->
      </class> <!-- com.oryggi.tests.LoginTest -->
    </test> <!-- Default test -->
  </suite> <!-- Default suite -->
</testng-results>
