<?xml version="1.0" encoding="UTF-8"?>
<!-- Generated by org.testng.reporters.JUnitXMLReporter -->
<testsuite ignored="0" hostname="Priya_Oryggi" failures="2" tests="3" name="Login Tests" time="14.693" errors="0" timestamp="2025-02-25T02:35:08 IST">
  <testcase classname="com.oryggi.tests.LoginTest" name="testLoginWithEmail" time="0.009">
    <failure type="java.lang.Error" message="Unresolved compilation problem: 
	The method isDashboardDisplayed() is undefined for the type LoginPage
">
      <![CDATA[java.lang.Error: Unresolved compilation problem: 
The method isDashboardDisplayed() is undefined for the type LoginPage

at com.oryggi.tests.LoginTest.testLoginWithEmail(LoginTest.java:39)
at java.base/java.util.ArrayList.forEach(ArrayList.java:1596)
... Removed 25 stack frames]]>
    </failure>
  </testcase> <!-- testLoginWithEmail -->
  <testcase classname="com.oryggi.tests.LoginTest" name="testLoginWithUsername" time="0.0">
    <failure type="java.lang.Error" message="Unresolved compilation problem: 
	The method isDashboardDisplayed() is undefined for the type LoginPage
">
      <![CDATA[java.lang.Error: Unresolved compilation problem: 
The method isDashboardDisplayed() is undefined for the type LoginPage

at com.oryggi.tests.LoginTest.testLoginWithUsername(LoginTest.java:27)
at java.base/java.util.ArrayList.forEach(ArrayList.java:1596)
... Removed 25 stack frames]]>
    </failure>
  </testcase> <!-- testLoginWithUsername -->
  <testcase classname="com.oryggi.tests.LoginTest" name="verifyLoginPageTitle" time="0.217"/>
</testsuite> <!-- Login Tests -->
